{"name": "test_upload_photo", "status": "broken", "statusDetails": {"message": "selenium.common.exceptions.NoSuchElementException: Message: no such element: Unable to locate element: {\"method\":\"xpath\",\"selector\":\"//div[text()=\"Тестовый проект автотест 1\"]\"}\n  (Session info: chrome=118.0.5993.89); For documentation on this error, please visit: https://www.selenium.dev/documentation/webdriver/troubleshooting/errors#no-such-element-exception\nStacktrace:\n\tGetHandleVerifier [0x00007FF6C53A8EF2+54786]\n\t(No symbol) [0x00007FF6C5315612]\n\t(No symbol) [0x00007FF6C51CA64B]\n\t(No symbol) [0x00007FF6C520B79C]\n\t(No symbol) [0x00007FF6C520B91C]\n\t(No symbol) [0x00007FF6C5246D87]\n\t(No symbol) [0x00007FF6C522BEAF]\n\t(No symbol) [0x00007FF6C5244D02]\n\t(No symbol) [0x00007FF6C522BC43]\n\t(No symbol) [0x00007FF6C5200941]\n\t(No symbol) [0x00007FF6C5201B84]\n\tGetHandleVerifier [0x00007FF6C56F7F52+3524194]\n\tGetHandleVerifier [0x00007FF6C574D800+3874576]\n\tGetHandleVerifier [0x00007FF6C5745D7F+3843215]\n\tGetHandleVerifier [0x00007FF6C5445086+694166]\n\t(No symbol) [0x00007FF6C5320A88]\n\t(No symbol) [0x00007FF6C531CA94]\n\t(No symbol) [0x00007FF6C531CBC2]\n\t(No symbol) [0x00007FF6C530CC83]\n\tBaseThreadInitThunk [0x00007FFFEC1E257D+29]\n\tRtlUserThreadStart [0x00007FFFED50AA78+40]", "trace": "self = <smoke_test.TestSmoke object at 0x000002679C7F5450>, browser = <selenium.webdriver.chrome.webdriver.WebDriver (session=\"76f069a7d50ceb3b2e06e9a9512145d2\")>\n\n>   ???\n\n/photobank_autotests/smoke_test.py:44: \n_ _ _ _ _ _ _ _ _ _ _ _ _ _ _ _ _ _ _ _ _ _ _ _ _ _ _ _ _ _ _ _ _ _ _ _ _ _ _ _ _ _ _ _ _ _ _ _ _ _ _ _ _ _ _ _ _ _ _ _ _ _ _ _ _ _ _ _ _ _ _ _ _ _ _ _ _ _ _ _ _ _ _ _ _ _ _ _ _ _ _ _ _ _ _ _ _ _ _ _ _ _ _ _ _ _ _ _ _ _ _ _ _ _ _ _ _ _ _ _ _ _\npages\\project_page.py:95: in add_photo_in_album\n    self.browser.find_element(*MainPageLocators.SPECIFIC_PROJECT).click()\nvenv\\Lib\\site-packages\\selenium\\webdriver\\remote\\webdriver.py:738: in find_element\n    return self.execute(Command.FIND_ELEMENT, {\"using\": by, \"value\": value})[\"value\"]\nvenv\\Lib\\site-packages\\selenium\\webdriver\\remote\\webdriver.py:344: in execute\n    self.error_handler.check_response(response)\n_ _ _ _ _ _ _ _ _ _ _ _ _ _ _ _ _ _ _ _ _ _ _ _ _ _ _ _ _ _ _ _ _ _ _ _ _ _ _ _ _ _ _ _ _ _ _ _ _ _ _ _ _ _ _ _ _ _ _ _ _ _ _ _ _ _ _ _ _ _ _ _ _ _ _ _ _ _ _ _ _ _ _ _ _ _ _ _ _ _ _ _ _ _ _ _ _ _ _ _ _ _ _ _ _ _ _ _ _ _ _ _ _ _ _ _ _ _ _ _ _ _\n\nself = <selenium.webdriver.remote.errorhandler.ErrorHandler object at 0x000002679D4E3810>\nresponse = {'status': 404, 'value': '{\"value\":{\"error\":\"no such element\",\"message\":\"no such element: Unable to locate element: {\\...07FF6C530CC83]\\\\n\\\\tBaseThreadInitThunk [0x00007FFFEC1E257D+29]\\\\n\\\\tRtlUserThreadStart [0x00007FFFED50AA78+40]\\\\n\"}}'}\n\n    def check_response(self, response: Dict[str, Any]) -> None:\n        \"\"\"Checks that a JSON response from the WebDriver does not have an\n        error.\n    \n        :Args:\n         - response - The JSON response from the WebDriver server as a dictionary\n           object.\n    \n        :Raises: If the response contains an error message.\n        \"\"\"\n        status = response.get(\"status\", None)\n        if not status or status == ErrorCode.SUCCESS:\n            return\n        value = None\n        message = response.get(\"message\", \"\")\n        screen: str = response.get(\"screen\", \"\")\n        stacktrace = None\n        if isinstance(status, int):\n            value_json = response.get(\"value\", None)\n            if value_json and isinstance(value_json, str):\n                import json\n    \n                try:\n                    value = json.loads(value_json)\n                    if len(value) == 1:\n                        value = value[\"value\"]\n                    status = value.get(\"error\", None)\n                    if not status:\n                        status = value.get(\"status\", ErrorCode.UNKNOWN_ERROR)\n                        message = value.get(\"value\") or value.get(\"message\")\n                        if not isinstance(message, str):\n                            value = message\n                            message = message.get(\"message\")\n                    else:\n                        message = value.get(\"message\", None)\n                except ValueError:\n                    pass\n    \n        exception_class: Type[WebDriverException]\n        e = ErrorCode()\n        error_codes = [item for item in dir(e) if not item.startswith(\"__\")]\n        for error_code in error_codes:\n            error_info = getattr(ErrorCode, error_code)\n            if isinstance(error_info, list) and status in error_info:\n                exception_class = getattr(ExceptionMapping, error_code, WebDriverException)\n                break\n        else:\n            exception_class = WebDriverException\n    \n        if not value:\n            value = response[\"value\"]\n        if isinstance(value, str):\n            raise exception_class(value)\n        if message == \"\" and \"message\" in value:\n            message = value[\"message\"]\n    \n        screen = None  # type: ignore[assignment]\n        if \"screen\" in value:\n            screen = value[\"screen\"]\n    \n        stacktrace = None\n        st_value = value.get(\"stackTrace\") or value.get(\"stacktrace\")\n        if st_value:\n            if isinstance(st_value, str):\n                stacktrace = st_value.split(\"\\n\")\n            else:\n                stacktrace = []\n                try:\n                    for frame in st_value:\n                        line = frame.get(\"lineNumber\", \"\")\n                        file = frame.get(\"fileName\", \"<anonymous>\")\n                        if line:\n                            file = f\"{file}:{line}\"\n                        meth = frame.get(\"methodName\", \"<anonymous>\")\n                        if \"className\" in frame:\n                            meth = f\"{frame['className']}.{meth}\"\n                        msg = \"    at %s (%s)\"\n                        msg = msg % (meth, file)\n                        stacktrace.append(msg)\n                except TypeError:\n                    pass\n        if exception_class == UnexpectedAlertPresentException:\n            alert_text = None\n            if \"data\" in value:\n                alert_text = value[\"data\"].get(\"text\")\n            elif \"alert\" in value:\n                alert_text = value[\"alert\"].get(\"text\")\n            raise exception_class(message, screen, stacktrace, alert_text)  # type: ignore[call-arg]  # mypy is not smart enough here\n>       raise exception_class(message, screen, stacktrace)\nE       selenium.common.exceptions.NoSuchElementException: Message: no such element: Unable to locate element: {\"method\":\"xpath\",\"selector\":\"//div[text()=\"Тестовый проект автотест 1\"]\"}\nE         (Session info: chrome=118.0.5993.89); For documentation on this error, please visit: https://www.selenium.dev/documentation/webdriver/troubleshooting/errors#no-such-element-exception\nE       Stacktrace:\nE       \tGetHandleVerifier [0x00007FF6C53A8EF2+54786]\nE       \t(No symbol) [0x00007FF6C5315612]\nE       \t(No symbol) [0x00007FF6C51CA64B]\nE       \t(No symbol) [0x00007FF6C520B79C]\nE       \t(No symbol) [0x00007FF6C520B91C]\nE       \t(No symbol) [0x00007FF6C5246D87]\nE       \t(No symbol) [0x00007FF6C522BEAF]\nE       \t(No symbol) [0x00007FF6C5244D02]\nE       \t(No symbol) [0x00007FF6C522BC43]\nE       \t(No symbol) [0x00007FF6C5200941]\nE       \t(No symbol) [0x00007FF6C5201B84]\nE       \tGetHandleVerifier [0x00007FF6C56F7F52+3524194]\nE       \tGetHandleVerifier [0x00007FF6C574D800+3874576]\nE       \tGetHandleVerifier [0x00007FF6C5745D7F+3843215]\nE       \tGetHandleVerifier [0x00007FF6C5445086+694166]\nE       \t(No symbol) [0x00007FF6C5320A88]\nE       \t(No symbol) [0x00007FF6C531CA94]\nE       \t(No symbol) [0x00007FF6C531CBC2]\nE       \t(No symbol) [0x00007FF6C530CC83]\nE       \tBaseThreadInitThunk [0x00007FFFEC1E257D+29]\nE       \tRtlUserThreadStart [0x00007FFFED50AA78+40]\n\nvenv\\Lib\\site-packages\\selenium\\webdriver\\remote\\errorhandler.py:229: NoSuchElementException"}, "attachments": [{"name": "stdout", "source": "d5b66a76-1d31-471e-b755-276b31a580e6-attachment.txt", "type": "text/plain"}], "start": 1698074666287, "stop": 1698074679605, "uuid": "659e96a9-bebf-45f4-a1f3-d771e26a04d4", "historyId": "8ff2a43215850b3f72a3a71dda038b0a", "testCaseId": "8ff2a43215850b3f72a3a71dda038b0a", "fullName": "smoke_test.TestSmoke#test_upload_photo", "labels": [{"name": "suite", "value": "smoke_test"}, {"name": "subSuite", "value": "TestSmoke"}, {"name": "host", "value": "EMIR-S-QA"}, {"name": "thread", "value": "3316-MainThread"}, {"name": "framework", "value": "pytest"}, {"name": "language", "value": "cpython3"}, {"name": "package", "value": "smoke_test"}]}